<?xml version="1.0" encoding="UTF-8"?>
<!-- Generated by org.testng.reporters.JUnitReportReporter -->
<testsuite skipped="0" hostname="LAPTOP-CJ63G7LO" name="LocationTest" tests="1" failures="0" timestamp="2023-05-23T10:18:57 CDT" time="10.981" errors="0">
  <testcase name="Location" time="10.981" classname="LocationTest"/>
  <system-out/>
</testsuite> <!-- LocationTest -->
