<?xml version="1.0" encoding="UTF-8"?>
<!-- Generated by org.testng.reporters.JUnitReportReporter -->
<testsuite skipped="0" hostname="LAPTOP-CJ63G7LO" name="BillPayTest" tests="1" failures="0" timestamp="2023-05-24T12:55:58 CDT" time="14.823" errors="0">
  <testcase name="amita1" time="14.823" classname="BillPayTest"/>
  <system-out/>
</testsuite> <!-- BillPayTest -->
