<?xml version="1.0" encoding="UTF-8"?>
<!-- Generated by org.testng.reporters.JUnitReportReporter -->
<testsuite skipped="0" hostname="LAPTOP-CJ63G7LO" name="DonationTest" tests="1" failures="0" timestamp="2023-05-23T10:18:57 CDT" time="15.643" errors="0">
  <testcase name="OpenBrowser" time="15.643" classname="DonationTest"/>
  <system-out/>
</testsuite> <!-- DonationTest -->
