<?xml version="1.0" encoding="UTF-8"?>
<!-- Generated by org.testng.reporters.JUnitReportReporter -->
<testsuite skipped="0" hostname="LAPTOP-CJ63G7LO" name="SpecialtyCareTest" tests="1" failures="0" timestamp="2023-05-23T10:18:57 CDT" time="23.551" errors="0">
  <testcase name="testSpecialtyCare" time="23.551" classname="SpecialtyCareTest"/>
  <system-out/>
</testsuite> <!-- SpecialtyCareTest -->
