<?xml version="1.0" encoding="UTF-8"?>
<!-- Generated by org.testng.reporters.JUnitReportReporter -->
<testsuite skipped="0" hostname="LAPTOP-CJ63G7LO" name="DonationTest" tests="1" failures="0" timestamp="2023-05-24T12:55:58 CDT" time="15.316" errors="0">
  <testcase name="OpenBrowser" time="15.316" classname="DonationTest"/>
  <system-out/>
</testsuite> <!-- DonationTest -->
