<?xml version="1.0" encoding="UTF-8"?>
<!-- Generated by org.testng.reporters.JUnitReportReporter -->
<testsuite skipped="0" hostname="LAPTOP-CJ63G7LO" name="PriceTransparencyTest" tests="1" failures="0" timestamp="2023-05-23T10:18:57 CDT" time="13.416" errors="0">
  <testcase name="PriceTransparencyTest" time="13.416" classname="PriceTransparencyTest"/>
  <system-out/>
</testsuite> <!-- PriceTransparencyTest -->
